<?xml version="1.0" encoding="UTF-8"?>
<testng-results ignored="0" total="1" passed="1" failed="0" skipped="0">
  <reporter-output>
  </reporter-output>
  <suite started-at="2021-06-27T04:24:21 ICT" name="All Test Suite" finished-at="2021-06-27T04:25:33 ICT" duration-ms="72223">
    <groups>
    </groups>
    <test started-at="2021-06-27T04:24:21 ICT" name="/home/nhan/Desktop/Git/automation/WebdriverJenkins" finished-at="2021-06-27T04:25:33 ICT" duration-ms="72223">
      <class name="example.NewTest">
        <test-method is-config="true" signature="beforeTest()[pri:0, instance:example.NewTest@31206beb]" started-at="2021-06-27T04:24:21 ICT" name="beforeTest" finished-at="2021-06-27T04:24:24 ICT" duration-ms="2812" status="PASS">
          <reporter-output>
          </reporter-output>
        </test-method> <!-- beforeTest -->
        <test-method signature="testEasy()[pri:0, instance:example.NewTest@31206beb]" started-at="2021-06-27T04:24:24 ICT" name="testEasy" finished-at="2021-06-27T04:25:33 ICT" duration-ms="68811" status="PASS">
          <reporter-output>
          </reporter-output>
        </test-method> <!-- testEasy -->
        <test-method is-config="true" signature="afterTest()[pri:0, instance:example.NewTest@31206beb]" started-at="2021-06-27T04:25:33 ICT" name="afterTest" finished-at="2021-06-27T04:25:33 ICT" duration-ms="577" status="PASS">
          <reporter-output>
          </reporter-output>
        </test-method> <!-- afterTest -->
      </class> <!-- example.NewTest -->
    </test> <!-- /home/nhan/Desktop/Git/automation/WebdriverJenkins -->
  </suite> <!-- All Test Suite -->
</testng-results>
